<?xml version="1.0" encoding="UTF-8"?>
<testsuite name="com.routefare.service.routefare.RouteFareApplicationTests" tests="1" skipped="0" failures="0" errors="0" timestamp="2024-06-23T01:50:08" hostname="MAC-K7HT2RGM72" time="0.428">
  <properties/>
  <testcase name="contextLoads()" classname="com.routefare.service.routefare.RouteFareApplicationTests" time="0.428"/>
  <system-out><![CDATA[07:20:07.408 [Test worker] INFO org.springframework.test.context.support.AnnotationConfigContextLoaderUtils -- Could not detect default configuration classes for test class [com.routefare.service.routefare.RouteFareApplicationTests]: RouteFareApplicationTests does not declare any static, non-private, non-final, nested classes annotated with @Configuration.
07:20:07.452 [Test worker] INFO org.springframework.boot.test.context.SpringBootTestContextBootstrapper -- Found @SpringBootConfiguration com.routefare.service.routefare.RouteFareApplication for test class com.routefare.service.routefare.RouteFareApplicationTests
  .   ____          _            __ _ _
 /\\ / ___'_ __ _ _(_)_ __  __ _ \ \ \ \
( ( )\___ | '_ | '_| | '_ \/ _` | \ \ \ \
 \\/  ___)| |_)| | | | | || (_| |  ) ) ) )
  '  |____| .__|_| |_|_| |_\__, | / / / /
 =========|_|==============|___/=/_/_/_/

 :: Spring Boot ::                (v3.3.0)

2024-06-23T07:20:07.637+05:30  INFO 29454 --- [RouteFare] [    Test worker] c.r.s.r.RouteFareApplicationTests        : Starting RouteFareApplicationTests using Java 22.0.1 with PID 29454 (started by sheikhamaaniqbal in /Users/sheikhamaaniqbal/Desktop/Springboot Projects/routefare)
2024-06-23T07:20:07.638+05:30  INFO 29454 --- [RouteFare] [    Test worker] c.r.s.r.RouteFareApplicationTests        : No active profile set, falling back to 1 default profile: "default"
2024-06-23T07:20:08.335+05:30  INFO 29454 --- [RouteFare] [    Test worker] c.r.s.r.RouteFareApplicationTests        : Started RouteFareApplicationTests in 0.826 seconds (process running for 1.308)
]]></system-out>
  <system-err><![CDATA[WARNING: A Java agent has been loaded dynamically (/Users/sheikhamaaniqbal/.gradle/caches/modules-2/files-2.1/net.bytebuddy/byte-buddy-agent/1.14.16/4a451ee6484abac3a498df0f3b33ed00a6fced4d/byte-buddy-agent-1.14.16.jar)
WARNING: If a serviceability tool is in use, please run with -XX:+EnableDynamicAgentLoading to hide this warning
WARNING: If a serviceability tool is not in use, please run with -Djdk.instrument.traceUsage for more information
WARNING: Dynamic loading of agents will be disallowed by default in a future release
]]></system-err>
</testsuite>
